C:\USERS\JUSTIN\DOCUMENTS\VISUAL STUDIO 2010\PROJECTS\HW_1B\DEBUG\HW_1B.EXE
C:\USERS\JUSTIN\DOCUMENTS\VISUAL STUDIO 2010\PROJECTS\HW_1B\DEBUG\HW_1B.ILK
C:\USERS\JUSTIN\DOCUMENTS\VISUAL STUDIO 2010\PROJECTS\HW_1B\DEBUG\HW_1B.PDB
C:\USERS\JUSTIN\DOCUMENTS\VISUAL STUDIO 2010\PROJECTS\HW_1B\HW_1B\DEBUG\CAMERA.OBJ
c:\Users\Justin\documents\visual studio 2010\Projects\hw_1b\hw_1b\Debug\cl.command.1.tlog
c:\Users\Justin\documents\visual studio 2010\Projects\hw_1b\hw_1b\Debug\CL.read.1.tlog
c:\Users\Justin\documents\visual studio 2010\Projects\hw_1b\hw_1b\Debug\CL.write.1.tlog
C:\USERS\JUSTIN\DOCUMENTS\VISUAL STUDIO 2010\PROJECTS\HW_1B\HW_1B\DEBUG\EASYBMP.OBJ
C:\USERS\JUSTIN\DOCUMENTS\VISUAL STUDIO 2010\PROJECTS\HW_1B\HW_1B\DEBUG\HW_1B.EXE.EMBED.MANIFEST
C:\USERS\JUSTIN\DOCUMENTS\VISUAL STUDIO 2010\PROJECTS\HW_1B\HW_1B\DEBUG\HW_1B.EXE.EMBED.MANIFEST.RES
C:\USERS\JUSTIN\DOCUMENTS\VISUAL STUDIO 2010\PROJECTS\HW_1B\HW_1B\DEBUG\HW_1B.EXE.INTERMEDIATE.MANIFEST
c:\Users\Justin\documents\visual studio 2010\Projects\hw_1b\hw_1b\Debug\hw_1b_manifest.rc
c:\Users\Justin\documents\visual studio 2010\Projects\hw_1b\hw_1b\Debug\link.3928.read.1.tlog
c:\Users\Justin\documents\visual studio 2010\Projects\hw_1b\hw_1b\Debug\link.3928.write.1.tlog
c:\Users\Justin\documents\visual studio 2010\Projects\hw_1b\hw_1b\Debug\link.3928-cvtres.read.1.tlog
c:\Users\Justin\documents\visual studio 2010\Projects\hw_1b\hw_1b\Debug\link.3928-cvtres.write.1.tlog
c:\Users\Justin\documents\visual studio 2010\Projects\hw_1b\hw_1b\Debug\link.5104.read.1.tlog
c:\Users\Justin\documents\visual studio 2010\Projects\hw_1b\hw_1b\Debug\link.5104.write.1.tlog
c:\Users\Justin\documents\visual studio 2010\Projects\hw_1b\hw_1b\Debug\link.5104-cvtres.read.1.tlog
c:\Users\Justin\documents\visual studio 2010\Projects\hw_1b\hw_1b\Debug\link.5104-cvtres.write.1.tlog
c:\Users\Justin\documents\visual studio 2010\Projects\hw_1b\hw_1b\Debug\link.command.1.tlog
c:\Users\Justin\documents\visual studio 2010\Projects\hw_1b\hw_1b\Debug\link.read.1.tlog
c:\Users\Justin\documents\visual studio 2010\Projects\hw_1b\hw_1b\Debug\link.write.1.tlog
c:\Users\Justin\documents\visual studio 2010\Projects\hw_1b\hw_1b\Debug\link-cvtres.read.1.tlog
c:\Users\Justin\documents\visual studio 2010\Projects\hw_1b\hw_1b\Debug\link-cvtres.write.1.tlog
C:\USERS\JUSTIN\DOCUMENTS\VISUAL STUDIO 2010\PROJECTS\HW_1B\HW_1B\DEBUG\MAIN.OBJ
c:\Users\Justin\documents\visual studio 2010\Projects\hw_1b\hw_1b\Debug\mt.command.1.tlog
c:\Users\Justin\documents\visual studio 2010\Projects\hw_1b\hw_1b\Debug\mt.read.1.tlog
c:\Users\Justin\documents\visual studio 2010\Projects\hw_1b\hw_1b\Debug\mt.write.1.tlog
C:\USERS\JUSTIN\DOCUMENTS\VISUAL STUDIO 2010\PROJECTS\HW_1B\HW_1B\DEBUG\PERLIN.OBJ
C:\USERS\JUSTIN\DOCUMENTS\VISUAL STUDIO 2010\PROJECTS\HW_1B\HW_1B\DEBUG\RAYMARCH.OBJ
c:\Users\Justin\documents\visual studio 2010\Projects\hw_1b\hw_1b\Debug\rc.command.1.tlog
c:\Users\Justin\documents\visual studio 2010\Projects\hw_1b\hw_1b\Debug\rc.read.1.tlog
c:\Users\Justin\documents\visual studio 2010\Projects\hw_1b\hw_1b\Debug\rc.write.1.tlog
C:\USERS\JUSTIN\DOCUMENTS\VISUAL STUDIO 2010\PROJECTS\HW_1B\HW_1B\DEBUG\READER.OBJ
c:\Users\Justin\documents\visual studio 2010\Projects\hw_1b\hw_1b\Debug\vc100.idb
C:\USERS\JUSTIN\DOCUMENTS\VISUAL STUDIO 2010\PROJECTS\HW_1B\HW_1B\DEBUG\VC100.PDB
C:\USERS\JUSTIN\DOCUMENTS\VISUAL STUDIO 2010\PROJECTS\HW_1B\HW_1B\DEBUG\VOXEL.OBJ
C:\USERS\JUSTIN\DOCUMENTS\VISUAL STUDIO 2010\PROJECTS\HW_1B\HW_1B\DEBUG\VOXELBUFFER.OBJ
